{
  david_a: { count: 31, total: NaN },
  bruce_w: { count: 31, total: NaN },
  mathieu_c: { count: 31, total: NaN },
  didier_f: { count: 31, total: NaN },
  howard_s: { count: 31, total: NaN },
  marcel_j: { count: 31, total: NaN },
  leo_g: { count: 31, total: NaN },
  adam_e: { count: 31, total: NaN },
  ludovic_k: { count: 31, total: NaN },
  francois_h: { count: 31, total: NaN },
  sandra_n: { count: 31, total: NaN },
  jean_t: { count: 31, total: NaN },
  laurent_g: { count: 31, total: NaN },
  marie_c: { count: 31, total: NaN },
  dexter_m: { count: 31, total: NaN },
  clark_k: { count: 31, total: NaN },
  hans_z: { count: 31, total: NaN },
  georges_b: { count: 31, total: NaN },
  melissa_v: { count: 31, total: NaN },
  steve_j: { count: 31, total: NaN },
  lois_l: { count: 31, total: NaN },
  joseph_c: { count: 31, total: NaN },
  bertrand_y: { count: 31, total: NaN },
  nicolas_s: { count: 31, total: NaN },
  olivier_z: { count: 31, total: NaN },
  maelle_m: { count: 31, total: NaN },
  trevor_r: { count: 31, total: NaN },
  michel_r: { count: 31, total: NaN },
  john_w: { count: 31, total: NaN },
  roxane_e: { count: 31, total: NaN }
}
